<?xml version="1.0" encoding="UTF-8"?>
<testsuite xmlns:xsi="http://www.w3.org/2001/XMLSchema-instance" xsi:noNamespaceSchemaLocation="https://maven.apache.org/surefire/maven-surefire-plugin/xsd/surefire-test-report.xsd" name="company.web.JsonTest" time="0.057" tests="4" errors="4" skipped="0" failures="0">
  <properties>
[...]
</properties>
  <testcase name="testParse" classname="company.web.JsonTest" time="0.01">
    <error message="company.web.Json.parse(Ljava/lang/String;)Lcom/fasterxml/jackson/databind/JsonNode;" type="java.lang.NoSuchMethodError">java.lang.NoSuchMethodError: company.web.Json.parse(Ljava/lang/String;)Lcom/fasterxml/jackson/databind/JsonNode;
	at company.web.JsonTest.testParse(JsonTest.java:25)
</error>
  </testcase>
  <testcase name="testToString" classname="company.web.JsonTest" time="0">
    <error message="company.web.Json.toJson(Ljava/lang/Object;)Lcom/fasterxml/jackson/databind/JsonNode;" type="java.lang.NoSuchMethodError">java.lang.NoSuchMethodError: company.web.Json.toJson(Ljava/lang/Object;)Lcom/fasterxml/jackson/databind/JsonNode;
	at company.web.JsonTest.testToString(JsonTest.java:33)
</error>
  </testcase>
  <testcase name="testFromJson" classname="company.web.JsonTest" time="0">
    <error message="company.web.Json.parse(Ljava/lang/String;)Lcom/fasterxml/jackson/databind/JsonNode;" type="java.lang.NoSuchMethodError">java.lang.NoSuchMethodError: company.web.Json.parse(Ljava/lang/String;)Lcom/fasterxml/jackson/databind/JsonNode;
	at company.web.JsonTest.testFromJson(JsonTest.java:41)
</error>
  </testcase>
  <testcase name="testToJson" classname="company.web.JsonTest" time="0.001">
    <error message="company.web.Json.toJson(Ljava/lang/Object;)Lcom/fasterxml/jackson/databind/JsonNode;" type="java.lang.NoSuchMethodError">java.lang.NoSuchMethodError: company.web.Json.toJson(Ljava/lang/Object;)Lcom/fasterxml/jackson/databind/JsonNode;
	at company.web.JsonTest.testToJson(JsonTest.java:18)
</error>
  </testcase>
</testsuite>